<?xml version="1.0" encoding="UTF-8"?>
<testsuite xmlns:xsi="http://www.w3.org/2001/XMLSchema-instance" xsi:noNamespaceSchemaLocation="https://maven.apache.org/surefire/maven-surefire-plugin/xsd/surefire-test-report-3.0.xsd" version="3.0" name="com.security.practice.SecurityV2JWT.SecurityV2JwtApplicationTests" time="10.236" tests="1" errors="0" skipped="0" failures="0">
  <properties>
[...]
</properties>
  <testcase name="contextLoads" classname="com.security.practice.SecurityV2JWT.SecurityV2JwtApplicationTests" time="0.625">
    <system-out><![CDATA[18:37:58.365 [main] INFO org.springframework.test.context.support.AnnotationConfigContextLoaderUtils -- Could not detect default configuration classes for test class [com.security.practice.SecurityV2JWT.SecurityV2JwtApplicationTests]: SecurityV2JwtApplicationTests does not declare any static, non-private, non-final, nested classes annotated with @Configuration.
18:37:58.477 [main] INFO org.springframework.boot.test.context.SpringBootTestContextBootstrapper -- Found @SpringBootConfiguration com.security.practice.SecurityV2JWT.SecurityV2JwtApplication for test class com.security.practice.SecurityV2JWT.SecurityV2JwtApplicationTests
06:37:58  INFO 55455 --- [           main] c.s.p.S.SecurityV2JwtApplicationTests    : Starting SecurityV2JwtApplicationTests using Java 17.0.6 with PID 55455 (started by root in /home/usuario/Documentos/ProjectsToDeploy/SpringSecurity-JWT/SecurityV2JWT)
06:37:58  INFO 55455 --- [           main] c.s.p.S.SecurityV2JwtApplicationTests    : No active profile set, falling back to 1 default profile: "default"
06:37:59  INFO 55455 --- [           main] .s.d.r.c.RepositoryConfigurationDelegate : Bootstrapping Spring Data JPA repositories in DEFAULT mode.
06:37:59  INFO 55455 --- [           main] .s.d.r.c.RepositoryConfigurationDelegate : Finished Spring Data repository scanning in 53 ms. Found 1 JPA repository interfaces.
06:38:00  INFO 55455 --- [           main] o.hibernate.jpa.internal.util.LogHelper  : HHH000204: Processing PersistenceUnitInfo [name: default]
06:38:00  INFO 55455 --- [           main] org.hibernate.Version                    : HHH000412: Hibernate ORM core version 6.2.2.Final
06:38:00  INFO 55455 --- [           main] org.hibernate.cfg.Environment            : HHH000406: Using bytecode reflection optimizer
06:38:00  INFO 55455 --- [           main] o.h.b.i.BytecodeProviderInitiator        : HHH000021: Bytecode provider name : bytebuddy
06:38:00  INFO 55455 --- [           main] o.s.o.j.p.SpringPersistenceUnitInfo      : No LoadTimeWeaver setup: ignoring JPA class transformer
06:38:00  INFO 55455 --- [           main] com.zaxxer.hikari.HikariDataSource       : HikariPool-1 - Starting...
06:38:02  INFO 55455 --- [           main] com.zaxxer.hikari.pool.HikariPool        : HikariPool-1 - Added connection com.mysql.cj.jdbc.ConnectionImpl@3d0d120b
06:38:02  INFO 55455 --- [           main] com.zaxxer.hikari.HikariDataSource       : HikariPool-1 - Start completed.
06:38:02  INFO 55455 --- [           main] org.hibernate.orm.dialect                : HHH035001: Using dialect: org.hibernate.dialect.MySQL8Dialect, version: 8.0
06:38:02  WARN 55455 --- [           main] org.hibernate.orm.deprecation            : HHH90000026: MySQL8Dialect has been deprecated; use org.hibernate.dialect.MySQLDialect instead
06:38:03  INFO 55455 --- [           main] o.h.b.i.BytecodeProviderInitiator        : HHH000021: Bytecode provider name : bytebuddy
06:38:04  INFO 55455 --- [           main] o.h.e.t.j.p.i.JtaPlatformInitiator       : HHH000490: Using JtaPlatform implementation: [org.hibernate.engine.transaction.jta.platform.internal.NoJtaPlatform]
06:38:04 DEBUG 55455 --- [           main] org.hibernate.SQL                        : 
    create table user (
        id integer not null,
        country varchar(255),
        firstname varchar(255),
        lastname varchar(255),
        password varchar(255),
        role enum ('ADMIN','USER'),
        username varchar(255) not null,
        primary key (id)
    ) engine=InnoDB
06:38:05 DEBUG 55455 --- [           main] org.hibernate.SQL                        : 
    create table user_seq (
        next_val bigint
    ) engine=InnoDB
06:38:05 DEBUG 55455 --- [           main] org.hibernate.SQL                        : 
    insert into user_seq values ( 1 )
06:38:05 DEBUG 55455 --- [           main] org.hibernate.SQL                        : 
    alter table user 
       drop index UKsb8bbouer5wak8vyiiy4pf2bx
06:38:05 DEBUG 55455 --- [           main] org.hibernate.SQL                        : 
    alter table user 
       add constraint UKsb8bbouer5wak8vyiiy4pf2bx unique (username)
06:38:06  INFO 55455 --- [           main] j.LocalContainerEntityManagerFactoryBean : Initialized JPA EntityManagerFactory for persistence unit 'default'
06:38:06  WARN 55455 --- [           main] JpaBaseConfiguration$JpaWebConfiguration : spring.jpa.open-in-view is enabled by default. Therefore, database queries may be performed during view rendering. Explicitly configure spring.jpa.open-in-view to disable this warning
06:38:07  INFO 55455 --- [           main] o.s.s.web.DefaultSecurityFilterChain     : Will secure any request with [org.springframework.security.web.session.DisableEncodeUrlFilter@4a7ac98b, org.springframework.security.web.context.request.async.WebAsyncManagerIntegrationFilter@35e3f3b8, org.springframework.security.web.context.SecurityContextHolderFilter@7ed5cc8c, org.springframework.security.web.header.HeaderWriterFilter@5c04ec8, org.springframework.security.web.authentication.logout.LogoutFilter@5e8e02a3, com.security.practice.SecurityV2JWT.Jwt.JwtAuthenticationFilter@4a8bf1dc, org.springframework.security.web.savedrequest.RequestCacheAwareFilter@47400608, org.springframework.security.web.servletapi.SecurityContextHolderAwareRequestFilter@294bb6ae, org.springframework.security.web.authentication.AnonymousAuthenticationFilter@13bf5fd, org.springframework.security.web.session.SessionManagementFilter@30a4a111, org.springframework.security.web.access.ExceptionTranslationFilter@6e7cb01a, org.springframework.security.web.access.intercept.AuthorizationFilter@78f1d29]
06:38:07  INFO 55455 --- [           main] c.s.p.S.SecurityV2JwtApplicationTests    : Started SecurityV2JwtApplicationTests in 9.134 seconds (process running for 10.264)
]]></system-out>
  </testcase>
</testsuite>